<!DOCTYPE html>

<html>
  <head>
  <meta charset='utf-8'>
  <title>TestNG reports</title>

    <link type="text/css" href="testng-reports1.css" rel="stylesheet" id="ultra" />
    <link type="text/css" href="testng-reports.css" rel="stylesheet" id="retro" disabled="false"/>
    <script type="text/javascript" src="jquery-3.6.0.min.js"></script>
    <script type="text/javascript" src="testng-reports.js"></script>
    <script type="text/javascript" src="https://www.google.com/jsapi"></script>
    <script type='text/javascript'>
      google.load('visualization', '1', {packages:['table']});
      google.setOnLoadCallback(drawTable);
      var suiteTableInitFunctions = new Array();
      var suiteTableData = new Array();
    </script>
    <!--
      <script type="text/javascript" src="jquery-ui/js/jquery-ui-1.8.16.custom.min.js"></script>
     -->
  </head>

  <body>    <div class="top-banner-root">
      <span class="top-banner-title-font">Test results</span>
      <button id="button" class="button">Switch Retro Theme</button> <!-- button -->
      <br/>
      <span class="top-banner-font-1">1 suite</span>
    </div> <!-- top-banner-root -->
    <div class="navigator-root">
      <div class="navigator-suite-header">
        <span>All suites</span>
        <a href="#" title="Collapse/expand all the suites" class="collapse-all-link">
          <img src="collapseall.gif" class="collapse-all-icon">
          </img> <!-- collapse-all-icon -->
        </a> <!-- collapse-all-link -->
      </div> <!-- navigator-suite-header -->
      <div class="suite">
        <div class="rounded-window">
          <div class="suite-header light-rounded-window-top">
            <a href="#" panel-name="suite-TolaData_UI_Automation_Tests" class="navigator-link">
              <span class="suite-name border-skipped">TolaData UI Automation Tests</span>
            </a> <!-- navigator-link -->
          </div> <!-- suite-header light-rounded-window-top -->
          <div class="navigator-suite-content">
            <div class="suite-section-title">
              <span>Info</span>
            </div> <!-- suite-section-title -->
            <div class="suite-section-content">
              <ul>
                <li>
                  <a href="#" panel-name="test-xml-TolaData_UI_Automation_Tests" class="navigator-link ">
                    <span>RegressionTestCases.xml</span>
                  </a> <!-- navigator-link  -->
                </li>
                <li>
                  <a href="#" panel-name="testlist-TolaData_UI_Automation_Tests" class="navigator-link ">
                    <span class="test-stats">2 tests</span>
                  </a> <!-- navigator-link  -->
                </li>
                <li>
                  <a href="#" panel-name="group-TolaData_UI_Automation_Tests" class="navigator-link ">
                    <span>0 groups</span>
                  </a> <!-- navigator-link  -->
                </li>
                <li>
                  <a href="#" panel-name="times-TolaData_UI_Automation_Tests" class="navigator-link ">
                    <span>Times</span>
                  </a> <!-- navigator-link  -->
                </li>
                <li>
                  <a href="#" panel-name="reporter-TolaData_UI_Automation_Tests" class="navigator-link ">
                    <span>Reporter output</span>
                  </a> <!-- navigator-link  -->
                </li>
                <li>
                  <a href="#" panel-name="ignored-methods-TolaData_UI_Automation_Tests" class="navigator-link ">
                    <span>Ignored methods</span>
                  </a> <!-- navigator-link  -->
                </li>
                <li>
                  <a href="#" panel-name="chronological-TolaData_UI_Automation_Tests" class="navigator-link ">
                    <span>Chronological view</span>
                  </a> <!-- navigator-link  -->
                </li>
              </ul>
            </div> <!-- suite-section-content -->
            <div class="result-section">
              <div class="suite-section-title">
                <span>Results</span>
              </div> <!-- suite-section-title -->
              <div class="suite-section-content">
                <ul>
                  <li>
                    <span class="method-stats">8 methods,  4 skipped,  4 passed</span>
                  </li>
                  <li>
                    <span class="method-list-title skipped">Skipped methods</span>
                    <span class="show-or-hide-methods skipped">
                      <a href="#" panel-name="suite-TolaData_UI_Automation_Tests" class="hide-methods skipped suite-TolaData_UI_Automation_Tests"> (hide)</a> <!-- hide-methods skipped suite-TolaData_UI_Automation_Tests -->
                      <a href="#" panel-name="suite-TolaData_UI_Automation_Tests" class="show-methods skipped suite-TolaData_UI_Automation_Tests"> (show)</a> <!-- show-methods skipped suite-TolaData_UI_Automation_Tests -->
                    </span>
                    <div class="method-list-content skipped suite-TolaData_UI_Automation_Tests">
                      <span>
                        <img src="skipped.png" width="3%"/>
                        <a href="#" panel-name="suite-TolaData_UI_Automation_Tests" title="com.toladata.tests.projectphasestestcases.PhasesTestCases" class="method navigator-link" hash-for-method="testCreateNewPhaseToExistingProject">testCreateNewPhaseToExistingProject</a> <!-- method navigator-link -->
                      </span>
                      <br/>
                      <span>
                        <img src="skipped.png" width="3%"/>
                        <a href="#" panel-name="suite-TolaData_UI_Automation_Tests" title="com.toladata.tests.projectphasestestcases.PhasesTestCases" class="method navigator-link" hash-for-method="testCreateNewProjectSuccessFully">testCreateNewProjectSuccessFully</a> <!-- method navigator-link -->
                      </span>
                      <br/>
                      <span>
                        <img src="skipped.png" width="3%"/>
                        <a href="#" panel-name="suite-TolaData_UI_Automation_Tests" title="com.toladata.tests.projectphasestestcases.PhasesTestCases" class="method navigator-link" hash-for-method="testDeleteAlreadyCreatedPhaseSuccessfully">testDeleteAlreadyCreatedPhaseSuccessfully</a> <!-- method navigator-link -->
                      </span>
                      <br/>
                      <span>
                        <img src="skipped.png" width="3%"/>
                        <a href="#" panel-name="suite-TolaData_UI_Automation_Tests" title="com.toladata.tests.projectphasestestcases.PhasesTestCases" class="method navigator-link" hash-for-method="testEditAlreadyCreatedPhaseSuccessfully">testEditAlreadyCreatedPhaseSuccessfully</a> <!-- method navigator-link -->
                      </span>
                      <br/>
                    </div> <!-- method-list-content skipped suite-TolaData_UI_Automation_Tests -->
                  </li>
                  <li>
                    <span class="method-list-title passed">Passed methods</span>
                    <span class="show-or-hide-methods passed">
                      <a href="#" panel-name="suite-TolaData_UI_Automation_Tests" class="hide-methods passed suite-TolaData_UI_Automation_Tests"> (hide)</a> <!-- hide-methods passed suite-TolaData_UI_Automation_Tests -->
                      <a href="#" panel-name="suite-TolaData_UI_Automation_Tests" class="show-methods passed suite-TolaData_UI_Automation_Tests"> (show)</a> <!-- show-methods passed suite-TolaData_UI_Automation_Tests -->
                    </span>
                    <div class="method-list-content passed suite-TolaData_UI_Automation_Tests">
                      <span>
                        <img src="passed.png" width="3%"/>
                        <a href="#" panel-name="suite-TolaData_UI_Automation_Tests" title="com.toladata.tests.logintestcases.LoginTestCases" class="method navigator-link" hash-for-method="testInvalidLoginIsWorkingCorrectly">testInvalidLoginIsWorkingCorrectly</a> <!-- method navigator-link -->
                      </span>
                      <br/>
                      <span>
                        <img src="passed.png" width="3%"/>
                        <a href="#" panel-name="suite-TolaData_UI_Automation_Tests" title="com.toladata.tests.logintestcases.LoginTestCases" class="method navigator-link" hash-for-method="testInvalidUserNameValidPasswordLoginWontAllowLoginSuccess">testInvalidUserNameValidPasswordLoginWontAllowLoginSuccess</a> <!-- method navigator-link -->
                      </span>
                      <br/>
                      <span>
                        <img src="passed.png" width="3%"/>
                        <a href="#" panel-name="suite-TolaData_UI_Automation_Tests" title="com.toladata.tests.logintestcases.LoginTestCases" class="method navigator-link" hash-for-method="testPasswordIsMaskedCorrectly">testPasswordIsMaskedCorrectly</a> <!-- method navigator-link -->
                      </span>
                      <br/>
                      <span>
                        <img src="passed.png" width="3%"/>
                        <a href="#" panel-name="suite-TolaData_UI_Automation_Tests" title="com.toladata.tests.logintestcases.LoginTestCases" class="method navigator-link" hash-for-method="testSuccessfulUserLogin">testSuccessfulUserLogin</a> <!-- method navigator-link -->
                      </span>
                      <br/>
                    </div> <!-- method-list-content passed suite-TolaData_UI_Automation_Tests -->
                  </li>
                </ul>
              </div> <!-- suite-section-content -->
            </div> <!-- result-section -->
          </div> <!-- navigator-suite-content -->
        </div> <!-- rounded-window -->
      </div> <!-- suite -->
    </div> <!-- navigator-root -->
    <div class="wrapper">
      <div class="main-panel-root">
        <div panel-name="suite-TolaData_UI_Automation_Tests" class="panel TolaData_UI_Automation_Tests">
          <div class="suite-TolaData_UI_Automation_Tests-class-skipped">
            <div class="main-panel-header rounded-window-top">
              <img src="skipped.png"/>
              <span class="class-name">com.toladata.tests.projectphasestestcases.PhasesTestCases</span>
            </div> <!-- main-panel-header rounded-window-top -->
            <div class="main-panel-content rounded-window-bottom">
              <div class="method">
                <div class="method-content">
                  <a name="testCreateNewPhaseToExistingProject">
                  </a> <!-- testCreateNewPhaseToExistingProject -->
                  <span class="method-name">testCreateNewPhaseToExistingProject</span>
                  <div class="stack-trace">org.openqa.selenium.TimeoutException: Expected condition failed: waiting for all conditions to be valid: visibility of [[ChromeDriver: chrome on mac (2c7c1db8d621d09f9cd02ce6ae6515a5)] -&gt; xpath: //button[@type=&apos;submit&apos;]] &amp;&amp; element to be clickable: [[ChromeDriver: chrome on mac (2c7c1db8d621d09f9cd02ce6ae6515a5)] -&gt; xpath: //button[@type=&apos;submit&apos;]] (tried for 60 second(s) with 500 milliseconds interval)
Build info: version: &apos;4.11.0&apos;, revision: &apos;040bc5406b&apos;
System info: os.name: &apos;Mac OS X&apos;, os.arch: &apos;aarch64&apos;, os.version: &apos;13.4.1&apos;, java.version: &apos;20.0.1&apos;
Driver info: org.openqa.selenium.chrome.ChromeDriver
Capabilities {acceptInsecureCerts: false, browserName: chrome, browserVersion: 116.0.5845.140, chrome: {chromedriverVersion: 116.0.5845.96 (1a3918166880..., userDataDir: /var/folders/j2/5xymsvsd2ps...}, fedcm:accounts: true, goog:chromeOptions: {debuggerAddress: localhost:60836}, networkConnectionEnabled: false, pageLoadStrategy: normal, platformName: mac, proxy: Proxy(), se:cdp: ws://localhost:60836/devtoo..., se:cdpVersion: 116.0.5845.140, setWindowRect: true, strictFileInteractability: false, timeouts: {implicit: 0, pageLoad: 300000, script: 30000}, unhandledPromptBehavior: dismiss and notify, webauthn:extension:credBlob: true, webauthn:extension:largeBlob: true, webauthn:extension:minPinLength: true, webauthn:extension:prf: true, webauthn:virtualAuthenticators: true}
Session ID: 2c7c1db8d621d09f9cd02ce6ae6515a5
	at org.openqa.selenium.support.ui.WebDriverWait.timeoutException(WebDriverWait.java:84)
	at org.openqa.selenium.support.ui.FluentWait.until(FluentWait.java:230)
	at com.toladata.utils.WebDriverWaitStrategies.waitForElementToBeVisibleAndClickable(WebDriverWaitStrategies.java:38)
	at com.toladata.pages.loginpage.LoginPage.clickOnLogin(LoginPage.java:63)
	at com.toladata.tests.projectphasestestcases.PhasesTestCases.setupPageObjects(PhasesTestCases.java:36)
	at java.base/java.util.ArrayList.forEach(ArrayList.java:1511)
... Removed 27 stack frames
</div> <!-- stack-trace -->
                </div> <!-- method-content -->
              </div> <!-- method -->
              <div class="method">
                <div class="method-content">
                  <a name="testCreateNewProjectSuccessFully">
                  </a> <!-- testCreateNewProjectSuccessFully -->
                  <span class="method-name">testCreateNewProjectSuccessFully</span>
                  <div class="stack-trace">org.openqa.selenium.TimeoutException: Expected condition failed: waiting for all conditions to be valid: visibility of [[ChromeDriver: chrome on mac (2c7c1db8d621d09f9cd02ce6ae6515a5)] -&gt; xpath: //button[@type=&apos;submit&apos;]] &amp;&amp; element to be clickable: [[ChromeDriver: chrome on mac (2c7c1db8d621d09f9cd02ce6ae6515a5)] -&gt; xpath: //button[@type=&apos;submit&apos;]] (tried for 60 second(s) with 500 milliseconds interval)
Build info: version: &apos;4.11.0&apos;, revision: &apos;040bc5406b&apos;
System info: os.name: &apos;Mac OS X&apos;, os.arch: &apos;aarch64&apos;, os.version: &apos;13.4.1&apos;, java.version: &apos;20.0.1&apos;
Driver info: org.openqa.selenium.chrome.ChromeDriver
Capabilities {acceptInsecureCerts: false, browserName: chrome, browserVersion: 116.0.5845.140, chrome: {chromedriverVersion: 116.0.5845.96 (1a3918166880..., userDataDir: /var/folders/j2/5xymsvsd2ps...}, fedcm:accounts: true, goog:chromeOptions: {debuggerAddress: localhost:60836}, networkConnectionEnabled: false, pageLoadStrategy: normal, platformName: mac, proxy: Proxy(), se:cdp: ws://localhost:60836/devtoo..., se:cdpVersion: 116.0.5845.140, setWindowRect: true, strictFileInteractability: false, timeouts: {implicit: 0, pageLoad: 300000, script: 30000}, unhandledPromptBehavior: dismiss and notify, webauthn:extension:credBlob: true, webauthn:extension:largeBlob: true, webauthn:extension:minPinLength: true, webauthn:extension:prf: true, webauthn:virtualAuthenticators: true}
Session ID: 2c7c1db8d621d09f9cd02ce6ae6515a5
	at org.openqa.selenium.support.ui.WebDriverWait.timeoutException(WebDriverWait.java:84)
	at org.openqa.selenium.support.ui.FluentWait.until(FluentWait.java:230)
	at com.toladata.utils.WebDriverWaitStrategies.waitForElementToBeVisibleAndClickable(WebDriverWaitStrategies.java:38)
	at com.toladata.pages.loginpage.LoginPage.clickOnLogin(LoginPage.java:63)
	at com.toladata.tests.projectphasestestcases.PhasesTestCases.setupPageObjects(PhasesTestCases.java:36)
	at java.base/java.util.ArrayList.forEach(ArrayList.java:1511)
... Removed 27 stack frames
</div> <!-- stack-trace -->
                </div> <!-- method-content -->
              </div> <!-- method -->
              <div class="method">
                <div class="method-content">
                  <a name="testDeleteAlreadyCreatedPhaseSuccessfully">
                  </a> <!-- testDeleteAlreadyCreatedPhaseSuccessfully -->
                  <span class="method-name">testDeleteAlreadyCreatedPhaseSuccessfully</span>
                  <div class="stack-trace">org.openqa.selenium.TimeoutException: Expected condition failed: waiting for all conditions to be valid: visibility of [[ChromeDriver: chrome on mac (2c7c1db8d621d09f9cd02ce6ae6515a5)] -&gt; xpath: //button[@type=&apos;submit&apos;]] &amp;&amp; element to be clickable: [[ChromeDriver: chrome on mac (2c7c1db8d621d09f9cd02ce6ae6515a5)] -&gt; xpath: //button[@type=&apos;submit&apos;]] (tried for 60 second(s) with 500 milliseconds interval)
Build info: version: &apos;4.11.0&apos;, revision: &apos;040bc5406b&apos;
System info: os.name: &apos;Mac OS X&apos;, os.arch: &apos;aarch64&apos;, os.version: &apos;13.4.1&apos;, java.version: &apos;20.0.1&apos;
Driver info: org.openqa.selenium.chrome.ChromeDriver
Capabilities {acceptInsecureCerts: false, browserName: chrome, browserVersion: 116.0.5845.140, chrome: {chromedriverVersion: 116.0.5845.96 (1a3918166880..., userDataDir: /var/folders/j2/5xymsvsd2ps...}, fedcm:accounts: true, goog:chromeOptions: {debuggerAddress: localhost:60836}, networkConnectionEnabled: false, pageLoadStrategy: normal, platformName: mac, proxy: Proxy(), se:cdp: ws://localhost:60836/devtoo..., se:cdpVersion: 116.0.5845.140, setWindowRect: true, strictFileInteractability: false, timeouts: {implicit: 0, pageLoad: 300000, script: 30000}, unhandledPromptBehavior: dismiss and notify, webauthn:extension:credBlob: true, webauthn:extension:largeBlob: true, webauthn:extension:minPinLength: true, webauthn:extension:prf: true, webauthn:virtualAuthenticators: true}
Session ID: 2c7c1db8d621d09f9cd02ce6ae6515a5
	at org.openqa.selenium.support.ui.WebDriverWait.timeoutException(WebDriverWait.java:84)
	at org.openqa.selenium.support.ui.FluentWait.until(FluentWait.java:230)
	at com.toladata.utils.WebDriverWaitStrategies.waitForElementToBeVisibleAndClickable(WebDriverWaitStrategies.java:38)
	at com.toladata.pages.loginpage.LoginPage.clickOnLogin(LoginPage.java:63)
	at com.toladata.tests.projectphasestestcases.PhasesTestCases.setupPageObjects(PhasesTestCases.java:36)
	at java.base/java.util.ArrayList.forEach(ArrayList.java:1511)
... Removed 27 stack frames
</div> <!-- stack-trace -->
                </div> <!-- method-content -->
              </div> <!-- method -->
              <div class="method">
                <div class="method-content">
                  <a name="testEditAlreadyCreatedPhaseSuccessfully">
                  </a> <!-- testEditAlreadyCreatedPhaseSuccessfully -->
                  <span class="method-name">testEditAlreadyCreatedPhaseSuccessfully</span>
                  <div class="stack-trace">org.openqa.selenium.TimeoutException: Expected condition failed: waiting for all conditions to be valid: visibility of [[ChromeDriver: chrome on mac (2c7c1db8d621d09f9cd02ce6ae6515a5)] -&gt; xpath: //button[@type=&apos;submit&apos;]] &amp;&amp; element to be clickable: [[ChromeDriver: chrome on mac (2c7c1db8d621d09f9cd02ce6ae6515a5)] -&gt; xpath: //button[@type=&apos;submit&apos;]] (tried for 60 second(s) with 500 milliseconds interval)
Build info: version: &apos;4.11.0&apos;, revision: &apos;040bc5406b&apos;
System info: os.name: &apos;Mac OS X&apos;, os.arch: &apos;aarch64&apos;, os.version: &apos;13.4.1&apos;, java.version: &apos;20.0.1&apos;
Driver info: org.openqa.selenium.chrome.ChromeDriver
Capabilities {acceptInsecureCerts: false, browserName: chrome, browserVersion: 116.0.5845.140, chrome: {chromedriverVersion: 116.0.5845.96 (1a3918166880..., userDataDir: /var/folders/j2/5xymsvsd2ps...}, fedcm:accounts: true, goog:chromeOptions: {debuggerAddress: localhost:60836}, networkConnectionEnabled: false, pageLoadStrategy: normal, platformName: mac, proxy: Proxy(), se:cdp: ws://localhost:60836/devtoo..., se:cdpVersion: 116.0.5845.140, setWindowRect: true, strictFileInteractability: false, timeouts: {implicit: 0, pageLoad: 300000, script: 30000}, unhandledPromptBehavior: dismiss and notify, webauthn:extension:credBlob: true, webauthn:extension:largeBlob: true, webauthn:extension:minPinLength: true, webauthn:extension:prf: true, webauthn:virtualAuthenticators: true}
Session ID: 2c7c1db8d621d09f9cd02ce6ae6515a5
	at org.openqa.selenium.support.ui.WebDriverWait.timeoutException(WebDriverWait.java:84)
	at org.openqa.selenium.support.ui.FluentWait.until(FluentWait.java:230)
	at com.toladata.utils.WebDriverWaitStrategies.waitForElementToBeVisibleAndClickable(WebDriverWaitStrategies.java:38)
	at com.toladata.pages.loginpage.LoginPage.clickOnLogin(LoginPage.java:63)
	at com.toladata.tests.projectphasestestcases.PhasesTestCases.setupPageObjects(PhasesTestCases.java:36)
	at java.base/java.util.ArrayList.forEach(ArrayList.java:1511)
... Removed 27 stack frames
</div> <!-- stack-trace -->
                </div> <!-- method-content -->
              </div> <!-- method -->
            </div> <!-- main-panel-content rounded-window-bottom -->
          </div> <!-- suite-TolaData_UI_Automation_Tests-class-skipped -->
          <div class="suite-TolaData_UI_Automation_Tests-class-passed">
            <div class="main-panel-header rounded-window-top">
              <img src="passed.png"/>
              <span class="class-name">com.toladata.tests.logintestcases.LoginTestCases</span>
            </div> <!-- main-panel-header rounded-window-top -->
            <div class="main-panel-content rounded-window-bottom">
              <div class="method">
                <div class="method-content">
                  <a name="testInvalidLoginIsWorkingCorrectly">
                  </a> <!-- testInvalidLoginIsWorkingCorrectly -->
                  <span class="method-name">testInvalidLoginIsWorkingCorrectly</span>
                </div> <!-- method-content -->
              </div> <!-- method -->
              <div class="method">
                <div class="method-content">
                  <a name="testInvalidUserNameValidPasswordLoginWontAllowLoginSuccess">
                  </a> <!-- testInvalidUserNameValidPasswordLoginWontAllowLoginSuccess -->
                  <span class="method-name">testInvalidUserNameValidPasswordLoginWontAllowLoginSuccess</span>
                </div> <!-- method-content -->
              </div> <!-- method -->
              <div class="method">
                <div class="method-content">
                  <a name="testPasswordIsMaskedCorrectly">
                  </a> <!-- testPasswordIsMaskedCorrectly -->
                  <span class="method-name">testPasswordIsMaskedCorrectly</span>
                </div> <!-- method-content -->
              </div> <!-- method -->
              <div class="method">
                <div class="method-content">
                  <a name="testSuccessfulUserLogin">
                  </a> <!-- testSuccessfulUserLogin -->
                  <span class="method-name">testSuccessfulUserLogin</span>
                </div> <!-- method-content -->
              </div> <!-- method -->
            </div> <!-- main-panel-content rounded-window-bottom -->
          </div> <!-- suite-TolaData_UI_Automation_Tests-class-passed -->
        </div> <!-- panel TolaData_UI_Automation_Tests -->
        <div panel-name="test-xml-TolaData_UI_Automation_Tests" class="panel">
          <div class="main-panel-header rounded-window-top">
            <span class="header-content">/Users/stephenmutinda/IdeaProjects/TolaDataProject/TolaData/testngxmls/RegressionTestCases.xml</span>
          </div> <!-- main-panel-header rounded-window-top -->
          <div class="main-panel-content rounded-window-bottom">
            <pre>
&lt;?xml version=&quot;1.0&quot; encoding=&quot;UTF-8&quot;?&gt;
&lt;!DOCTYPE suite SYSTEM &quot;https://testng.org/testng-1.0.dtd&quot;&gt;
&lt;suite name=&quot;TolaData UI Automation Tests&quot; guice-stage=&quot;DEVELOPMENT&quot; verbose=&quot;0&quot;&gt;
  &lt;listeners&gt;
    &lt;listener class-name=&quot;com.toladata.utils.TestRetryAnalyzerListener&quot;/&gt;
    &lt;listener class-name=&quot;com.toladata.utils.TestListener&quot;/&gt;
  &lt;/listeners&gt;
  &lt;test thread-count=&quot;5&quot; name=&quot;Login UI Test Cases&quot; verbose=&quot;0&quot;&gt;
    &lt;classes&gt;
      &lt;class name=&quot;com.toladata.tests.logintestcases.LoginTestCases&quot;/&gt;
    &lt;/classes&gt;
  &lt;/test&gt; &lt;!-- Login UI Test Cases --&gt;
  &lt;test thread-count=&quot;5&quot; name=&quot;Project Phases UI Test Cases&quot; verbose=&quot;0&quot;&gt;
    &lt;classes&gt;
      &lt;class name=&quot;com.toladata.tests.projectphasestestcases.PhasesTestCases&quot;/&gt;
    &lt;/classes&gt;
  &lt;/test&gt; &lt;!-- Project Phases UI Test Cases --&gt;
&lt;/suite&gt; &lt;!-- TolaData UI Automation Tests --&gt;
            </pre>
          </div> <!-- main-panel-content rounded-window-bottom -->
        </div> <!-- panel -->
        <div panel-name="testlist-TolaData_UI_Automation_Tests" class="panel">
          <div class="main-panel-header rounded-window-top">
            <span class="header-content">Tests for TolaData UI Automation Tests</span>
          </div> <!-- main-panel-header rounded-window-top -->
          <div class="main-panel-content rounded-window-bottom">
            <ul>
              <li>
                <span class="test-name">Login UI Test Cases (1 class)</span>
              </li>
              <li>
                <span class="test-name">Project Phases UI Test Cases (1 class)</span>
              </li>
            </ul>
          </div> <!-- main-panel-content rounded-window-bottom -->
        </div> <!-- panel -->
        <div panel-name="group-TolaData_UI_Automation_Tests" class="panel">
          <div class="main-panel-header rounded-window-top">
            <span class="header-content">Groups for TolaData UI Automation Tests</span>
          </div> <!-- main-panel-header rounded-window-top -->
          <div class="main-panel-content rounded-window-bottom">
          </div> <!-- main-panel-content rounded-window-bottom -->
        </div> <!-- panel -->
        <div panel-name="times-TolaData_UI_Automation_Tests" class="panel">
          <div class="main-panel-header rounded-window-top">
            <span class="header-content">Times for TolaData UI Automation Tests</span>
          </div> <!-- main-panel-header rounded-window-top -->
          <div class="main-panel-content rounded-window-bottom">
            <div class="times-div">
              <script type="text/javascript">
suiteTableInitFunctions.push('tableData_TolaData_UI_Automation_Tests');
function tableData_TolaData_UI_Automation_Tests() {
var data = new google.visualization.DataTable();
data.addColumn('number', 'Number');
data.addColumn('string', 'Method');
data.addColumn('string', 'Class');
data.addColumn('number', 'Time (ms)');
data.addRows(8);
data.setCell(0, 0, 0)
data.setCell(0, 1, 'testInvalidLoginIsWorkingCorrectly')
data.setCell(0, 2, 'com.toladata.tests.logintestcases.LoginTestCases')
data.setCell(0, 3, 53585);
data.setCell(1, 0, 1)
data.setCell(1, 1, 'testSuccessfulUserLogin')
data.setCell(1, 2, 'com.toladata.tests.logintestcases.LoginTestCases')
data.setCell(1, 3, 3832);
data.setCell(2, 0, 2)
data.setCell(2, 1, 'testInvalidUserNameValidPasswordLoginWontAllowLoginSuccess')
data.setCell(2, 2, 'com.toladata.tests.logintestcases.LoginTestCases')
data.setCell(2, 3, 298);
data.setCell(3, 0, 3)
data.setCell(3, 1, 'testPasswordIsMaskedCorrectly')
data.setCell(3, 2, 'com.toladata.tests.logintestcases.LoginTestCases')
data.setCell(3, 3, 162);
data.setCell(4, 0, 4)
data.setCell(4, 1, 'testCreateNewProjectSuccessFully')
data.setCell(4, 2, 'com.toladata.tests.projectphasestestcases.PhasesTestCases')
data.setCell(4, 3, 0);
data.setCell(5, 0, 5)
data.setCell(5, 1, 'testEditAlreadyCreatedPhaseSuccessfully')
data.setCell(5, 2, 'com.toladata.tests.projectphasestestcases.PhasesTestCases')
data.setCell(5, 3, 0);
data.setCell(6, 0, 6)
data.setCell(6, 1, 'testDeleteAlreadyCreatedPhaseSuccessfully')
data.setCell(6, 2, 'com.toladata.tests.projectphasestestcases.PhasesTestCases')
data.setCell(6, 3, 0);
data.setCell(7, 0, 7)
data.setCell(7, 1, 'testCreateNewPhaseToExistingProject')
data.setCell(7, 2, 'com.toladata.tests.projectphasestestcases.PhasesTestCases')
data.setCell(7, 3, 0);
window.suiteTableData['TolaData_UI_Automation_Tests']= { tableData: data, tableDiv: 'times-div-TolaData_UI_Automation_Tests'}
return data;
}
              </script>
              <span class="suite-total-time">Total running time: 57 seconds</span>
              <div id="times-div-TolaData_UI_Automation_Tests">
              </div> <!-- times-div-TolaData_UI_Automation_Tests -->
            </div> <!-- times-div -->
          </div> <!-- main-panel-content rounded-window-bottom -->
        </div> <!-- panel -->
        <div panel-name="reporter-TolaData_UI_Automation_Tests" class="panel">
          <div class="main-panel-header rounded-window-top">
            <span class="header-content">Reporter output for TolaData UI Automation Tests</span>
          </div> <!-- main-panel-header rounded-window-top -->
          <div class="main-panel-content rounded-window-bottom">
          </div> <!-- main-panel-content rounded-window-bottom -->
        </div> <!-- panel -->
        <div panel-name="ignored-methods-TolaData_UI_Automation_Tests" class="panel">
          <div class="main-panel-header rounded-window-top">
            <span class="header-content">0 ignored methods</span>
          </div> <!-- main-panel-header rounded-window-top -->
          <div class="main-panel-content rounded-window-bottom">
          </div> <!-- main-panel-content rounded-window-bottom -->
        </div> <!-- panel -->
        <div panel-name="chronological-TolaData_UI_Automation_Tests" class="panel">
          <div class="main-panel-header rounded-window-top">
            <span class="header-content">Methods in chronological order</span>
          </div> <!-- main-panel-header rounded-window-top -->
          <div class="main-panel-content rounded-window-bottom">
            <div class="chronological-class">
              <div class="chronological-class-name">com.toladata.tests.logintestcases.LoginTestCases</div> <!-- chronological-class-name -->
              <div class="configuration-class before">
                <span class="method-name">setup</span>
                <span class="method-start">0 ms</span>
              </div> <!-- configuration-class before -->
              <div class="configuration-class before">
                <span class="method-name">setupPageObjects</span>
                <span class="method-start">10399 ms</span>
              </div> <!-- configuration-class before -->
              <div class="test-method">
                <span class="method-name">testInvalidLoginIsWorkingCorrectly</span>
                <span class="method-start">10406 ms</span>
              </div> <!-- test-method -->
              <div class="configuration-method after">
                <span class="method-name">recordFailedTest([TestResult name=testInvalidLoginIsWorkingCorrectly status=SUCCESS method=LoginTestCases.testInvalid...)</span>
                <span class="method-start">63995 ms</span>
              </div> <!-- configuration-method after -->
              <div class="test-method">
                <span class="method-name">testInvalidUserNameValidPasswordLoginWontAllowLoginSuccess</span>
                <span class="method-start">64000 ms</span>
              </div> <!-- test-method -->
              <div class="configuration-method after">
                <span class="method-name">recordFailedTest([TestResult name=testInvalidUserNameValidPasswordLoginWontAllowLoginSuccess status=SUCCESS method=Lo...)</span>
                <span class="method-start">64298 ms</span>
              </div> <!-- configuration-method after -->
              <div class="test-method">
                <span class="method-name">testPasswordIsMaskedCorrectly</span>
                <span class="method-start">64299 ms</span>
              </div> <!-- test-method -->
              <div class="configuration-method after">
                <span class="method-name">recordFailedTest([TestResult name=testPasswordIsMaskedCorrectly status=SUCCESS method=LoginTestCases.testPasswordIsMa...)</span>
                <span class="method-start">64461 ms</span>
              </div> <!-- configuration-method after -->
              <div class="test-method">
                <span class="method-name">testSuccessfulUserLogin</span>
                <span class="method-start">64462 ms</span>
              </div> <!-- test-method -->
              <div class="configuration-method after">
                <span class="method-name">recordFailedTest([TestResult name=testSuccessfulUserLogin status=SUCCESS method=LoginTestCases.testSuccessfulUserLogi...)</span>
                <span class="method-start">68294 ms</span>
              </div> <!-- configuration-method after -->
              <div class="configuration-class after">
                <span class="method-name">teardown</span>
                <span class="method-start">68295 ms</span>
              </div> <!-- configuration-class after -->
              <div class="configuration-class after">
                <span class="method-name">tearDownPageObjects</span>
                <span class="method-start">68295 ms</span>
              </div> <!-- configuration-class after -->
            </div> <!-- chronological-class -->
            <div class="chronological-class">
              <div class="chronological-class-name">com.toladata.tests.projectphasestestcases.PhasesTestCases</div> <!-- chronological-class-name -->
              <div class="configuration-class before">
                <span class="method-name">setup</span>
                <span class="method-start">68421 ms</span>
              </div> <!-- configuration-class before -->
              <div class="configuration-class before">
                <img src="failed.png">
                </img>
                <span class="method-name">setupPageObjects</span>
                <span class="method-start">73983 ms</span>
              </div> <!-- configuration-class before -->
              <div class="test-method">
                <span class="method-name">testCreateNewProjectSuccessFully</span>
                <span class="method-start">139328 ms</span>
              </div> <!-- test-method -->
              <div class="configuration-method after">
                <span class="method-name">recordFailedTest</span>
                <span class="method-start">139329 ms</span>
              </div> <!-- configuration-method after -->
              <div class="configuration-method after">
                <span class="method-name">recordFailedTest</span>
                <span class="method-start">139329 ms</span>
              </div> <!-- configuration-method after -->
              <div class="test-method">
                <span class="method-name">testCreateNewPhaseToExistingProject</span>
                <span class="method-start">139329 ms</span>
              </div> <!-- test-method -->
              <div class="test-method">
                <span class="method-name">testEditAlreadyCreatedPhaseSuccessfully</span>
                <span class="method-start">139330 ms</span>
              </div> <!-- test-method -->
              <div class="test-method">
                <span class="method-name">testDeleteAlreadyCreatedPhaseSuccessfully</span>
                <span class="method-start">139330 ms</span>
              </div> <!-- test-method -->
              <div class="configuration-method after">
                <span class="method-name">recordFailedTest</span>
                <span class="method-start">139330 ms</span>
              </div> <!-- configuration-method after -->
              <div class="configuration-method after">
                <span class="method-name">recordFailedTest</span>
                <span class="method-start">139330 ms</span>
              </div> <!-- configuration-method after -->
              <div class="configuration-class after">
                <span class="method-name">tearDownPageObjects</span>
                <span class="method-start">139331 ms</span>
              </div> <!-- configuration-class after -->
              <div class="configuration-class after">
                <span class="method-name">teardown</span>
                <span class="method-start">139332 ms</span>
              </div> <!-- configuration-class after -->
          </div> <!-- main-panel-content rounded-window-bottom -->
        </div> <!-- panel -->
      </div> <!-- main-panel-root -->
    </div> <!-- wrapper -->
  </body>
<script type="text/javascript" src="testng-reports2.js"></script>
</html>
