<?xml version="1.0" encoding="UTF-8"?>
<!-- Generated by org.testng.reporters.JUnitReportReporter -->
<testsuite hostname="Stephens-MacBook-Pro.local" failures="0" tests="5" name="com.toladata.tests.projectphasestestcases.PhasesTestCases" time="65.335" errors="1" timestamp="2023-09-03T13:03:02 EAT" skipped="4">
  <testcase classname="com.toladata.tests.projectphasestestcases.PhasesTestCases" name="testCreateNewProjectSuccessFully" time="0.000">
    <skipped/>
  </testcase> <!-- testCreateNewProjectSuccessFully -->
  <system-out/>
  <testcase classname="com.toladata.tests.projectphasestestcases.PhasesTestCases" name="setupPageObjects" time="65.335">
    <error message="Expected condition failed: waiting for all conditions to be valid: visibility of [[ChromeDriver: chrome on mac (2c7c1db8d621d09f9cd02ce6ae6515a5)] -&gt; xpath: //button[@type=&#039;submit&#039;]] &amp;&amp; element to be clickable: [[ChromeDriver: chrome on mac (2c7c1db8d621d09f9cd02ce6ae6515a5)] -&gt; xpath: //button[@type=&#039;submit&#039;]] (tried for 60 second(s) with 500 milliseconds interval)
Build info: version: &#039;4.11.0&#039;, revision: &#039;040bc5406b&#039;
System info: os.name: &#039;Mac OS X&#039;, os.arch: &#039;aarch64&#039;, os.version: &#039;13.4.1&#039;, java.version: &#039;20.0.1&#039;
Driver info: org.openqa.selenium.chrome.ChromeDriver
Capabilities {acceptInsecureCerts: false, browserName: chrome, browserVersion: 116.0.5845.140, chrome: {chromedriverVersion: 116.0.5845.96 (1a3918166880..., userDataDir: /var/folders/j2/5xymsvsd2ps...}, fedcm:accounts: true, goog:chromeOptions: {debuggerAddress: localhost:60836}, networkConnectionEnabled: false, pageLoadStrategy: normal, platformName: mac, proxy: Proxy(), se:cdp: ws://localhost:60836/devtoo..., se:cdpVersion: 116.0.5845.140, setWindowRect: true, strictFileInteractability: false, timeouts: {implicit: 0, pageLoad: 300000, script: 30000}, unhandledPromptBehavior: dismiss and notify, webauthn:extension:credBlob: true, webauthn:extension:largeBlob: true, webauthn:extension:minPinLength: true, webauthn:extension:prf: true, webauthn:virtualAuthenticators: true}
Session ID: 2c7c1db8d621d09f9cd02ce6ae6515a5" type="org.openqa.selenium.TimeoutException">
      <![CDATA[org.openqa.selenium.TimeoutException: Expected condition failed: waiting for all conditions to be valid: visibility of [[ChromeDriver: chrome on mac (2c7c1db8d621d09f9cd02ce6ae6515a5)] -> xpath: //button[@type='submit']] && element to be clickable: [[ChromeDriver: chrome on mac (2c7c1db8d621d09f9cd02ce6ae6515a5)] -> xpath: //button[@type='submit']] (tried for 60 second(s) with 500 milliseconds interval)
Build info: version: '4.11.0', revision: '040bc5406b'
System info: os.name: 'Mac OS X', os.arch: 'aarch64', os.version: '13.4.1', java.version: '20.0.1'
Driver info: org.openqa.selenium.chrome.ChromeDriver
Capabilities {acceptInsecureCerts: false, browserName: chrome, browserVersion: 116.0.5845.140, chrome: {chromedriverVersion: 116.0.5845.96 (1a3918166880..., userDataDir: /var/folders/j2/5xymsvsd2ps...}, fedcm:accounts: true, goog:chromeOptions: {debuggerAddress: localhost:60836}, networkConnectionEnabled: false, pageLoadStrategy: normal, platformName: mac, proxy: Proxy(), se:cdp: ws://localhost:60836/devtoo..., se:cdpVersion: 116.0.5845.140, setWindowRect: true, strictFileInteractability: false, timeouts: {implicit: 0, pageLoad: 300000, script: 30000}, unhandledPromptBehavior: dismiss and notify, webauthn:extension:credBlob: true, webauthn:extension:largeBlob: true, webauthn:extension:minPinLength: true, webauthn:extension:prf: true, webauthn:virtualAuthenticators: true}
Session ID: 2c7c1db8d621d09f9cd02ce6ae6515a5
at org.openqa.selenium.support.ui.WebDriverWait.timeoutException(WebDriverWait.java:84)
at org.openqa.selenium.support.ui.FluentWait.until(FluentWait.java:230)
at com.toladata.utils.WebDriverWaitStrategies.waitForElementToBeVisibleAndClickable(WebDriverWaitStrategies.java:38)
at com.toladata.pages.loginpage.LoginPage.clickOnLogin(LoginPage.java:63)
at com.toladata.tests.projectphasestestcases.PhasesTestCases.setupPageObjects(PhasesTestCases.java:36)
at java.base/jdk.internal.reflect.DirectMethodHandleAccessor.invoke(DirectMethodHandleAccessor.java:104)
at java.base/java.lang.reflect.Method.invoke(Method.java:578)
at org.testng.internal.invokers.MethodInvocationHelper.invokeMethod(MethodInvocationHelper.java:139)
at org.testng.internal.invokers.MethodInvocationHelper.invokeMethodConsideringTimeout(MethodInvocationHelper.java:69)
at org.testng.internal.invokers.ConfigInvoker.invokeConfigurationMethod(ConfigInvoker.java:361)
at org.testng.internal.invokers.ConfigInvoker.invokeConfigurations(ConfigInvoker.java:296)
at org.testng.internal.invokers.TestMethodWorker.invokeBeforeClassMethods(TestMethodWorker.java:180)
at org.testng.internal.invokers.TestMethodWorker.run(TestMethodWorker.java:122)
at java.base/java.util.ArrayList.forEach(ArrayList.java:1511)
at org.testng.TestRunner.privateRun(TestRunner.java:829)
at org.testng.TestRunner.run(TestRunner.java:602)
at org.testng.SuiteRunner.runTest(SuiteRunner.java:437)
at org.testng.SuiteRunner.runSequentially(SuiteRunner.java:431)
at org.testng.SuiteRunner.privateRun(SuiteRunner.java:391)
at org.testng.SuiteRunner.run(SuiteRunner.java:330)
at org.testng.SuiteRunnerWorker.runSuite(SuiteRunnerWorker.java:52)
at org.testng.SuiteRunnerWorker.run(SuiteRunnerWorker.java:95)
at org.testng.TestNG.runSuitesSequentially(TestNG.java:1256)
at org.testng.TestNG.runSuitesLocally(TestNG.java:1176)
at org.testng.TestNG.runSuites(TestNG.java:1099)
at org.testng.TestNG.run(TestNG.java:1067)
at org.apache.maven.surefire.testng.TestNGExecutor.run(TestNGExecutor.java:324)
at org.apache.maven.surefire.testng.TestNGXmlTestSuite.execute(TestNGXmlTestSuite.java:74)
at org.apache.maven.surefire.testng.TestNGProvider.invoke(TestNGProvider.java:123)
at org.apache.maven.surefire.booter.ForkedBooter.runSuitesInProcess(ForkedBooter.java:456)
at org.apache.maven.surefire.booter.ForkedBooter.execute(ForkedBooter.java:169)
at org.apache.maven.surefire.booter.ForkedBooter.run(ForkedBooter.java:595)
at org.apache.maven.surefire.booter.ForkedBooter.main(ForkedBooter.java:581)
]]>
    </error>
  </testcase> <!-- setupPageObjects -->
  <system-out/>
  <testcase classname="com.toladata.tests.projectphasestestcases.PhasesTestCases" name="testCreateNewPhaseToExistingProject" time="0.000">
    <skipped/>
  </testcase> <!-- testCreateNewPhaseToExistingProject -->
  <system-out/>
  <testcase classname="com.toladata.tests.projectphasestestcases.PhasesTestCases" name="testEditAlreadyCreatedPhaseSuccessfully" time="0.000">
    <skipped/>
  </testcase> <!-- testEditAlreadyCreatedPhaseSuccessfully -->
  <system-out/>
  <testcase classname="com.toladata.tests.projectphasestestcases.PhasesTestCases" name="testDeleteAlreadyCreatedPhaseSuccessfully" time="0.000">
    <skipped/>
  </testcase> <!-- testDeleteAlreadyCreatedPhaseSuccessfully -->
  <system-out/>
</testsuite> <!-- com.toladata.tests.projectphasestestcases.PhasesTestCases -->
